{"C:\\Users\\joshu\\OneDrive\\Desktop\\FullStackOpen\\part5\\bloglist-frontend\\src\\App.jsx": {"path":"C:\\Users\\joshu\\OneDrive\\Desktop\\FullStackOpen\\part5\\bloglist-frontend\\src\\App.jsx","statementMap":{"0":{"start":{"line":10,"column":12},"end":{"line":92,"column":1}},"1":{"start":{"line":11,"column":26},"end":{"line":11,"column":40}},"2":{"start":{"line":12,"column":26},"end":{"line":12,"column":40}},"3":{"start":{"line":13,"column":38},"end":{"line":13,"column":52}},"4":{"start":{"line":15,"column":22},"end":{"line":15,"column":34}},"5":{"start":{"line":17,"column":2},"end":{"line":17,"column":27}},"6":{"start":{"line":19,"column":22},"end":{"line":19,"column":26}},"7":{"start":{"line":20,"column":23},"end":{"line":20,"column":35}},"8":{"start":{"line":22,"column":17},"end":{"line":30,"column":3}},"9":{"start":{"line":23,"column":4},"end":{"line":23,"column":64}},"10":{"start":{"line":23,"column":30},"end":{"line":23,"column":64}},"11":{"start":{"line":25,"column":4},"end":{"line":25,"column":30}},"12":{"start":{"line":27,"column":4},"end":{"line":29,"column":19}},"13":{"start":{"line":28,"column":6},"end":{"line":28,"column":19}},"14":{"start":{"line":32,"column":25},"end":{"line":37,"column":3}},"15":{"start":{"line":33,"column":4},"end":{"line":35,"column":5}},"16":{"start":{"line":36,"column":4},"end":{"line":36,"column":22}},"17":{"start":{"line":39,"column":23},"end":{"line":44,"column":3}},"18":{"start":{"line":40,"column":17},"end":{"line":40,"column":26}},"19":{"start":{"line":41,"column":4},"end":{"line":41,"column":56}},"20":{"start":{"line":42,"column":4},"end":{"line":42,"column":17}},"21":{"start":{"line":43,"column":4},"end":{"line":43,"column":53}},"22":{"start":{"line":46,"column":23},"end":{"line":49,"column":3}},"23":{"start":{"line":47,"column":4},"end":{"line":47,"column":23}},"24":{"start":{"line":48,"column":4},"end":{"line":48,"column":67}},"25":{"start":{"line":48,"column":29},"end":{"line":48,"column":67}},"26":{"start":{"line":51,"column":2},"end":{"line":60,"column":8}},"27":{"start":{"line":52,"column":27},"end":{"line":52,"column":76}},"28":{"start":{"line":53,"column":4},"end":{"line":57,"column":5}},"29":{"start":{"line":54,"column":24},"end":{"line":54,"column":50}},"30":{"start":{"line":55,"column":6},"end":{"line":55,"column":24}},"31":{"start":{"line":56,"column":6},"end":{"line":56,"column":54}},"32":{"start":{"line":59,"column":4},"end":{"line":59,"column":43}},"33":{"start":{"line":59,"column":17},"end":{"line":59,"column":43}},"34":{"start":{"line":62,"column":2},"end":{"line":71,"column":3}},"35":{"start":{"line":63,"column":4},"end":{"line":70,"column":5}},"36":{"start":{"line":73,"column":2},"end":{"line":91,"column":3}}},"fnMap":{"0":{"name":"(anonymous_0)","decl":{"start":{"line":10,"column":12},"end":{"line":10,"column":13}},"loc":{"start":{"line":10,"column":18},"end":{"line":92,"column":1}},"line":10},"1":{"name":"(anonymous_1)","decl":{"start":{"line":22,"column":17},"end":{"line":22,"column":18}},"loc":{"start":{"line":22,"column":36},"end":{"line":30,"column":3}},"line":22},"2":{"name":"(anonymous_2)","decl":{"start":{"line":27,"column":38},"end":{"line":27,"column":39}},"loc":{"start":{"line":27,"column":44},"end":{"line":29,"column":5}},"line":27},"3":{"name":"(anonymous_3)","decl":{"start":{"line":32,"column":25},"end":{"line":32,"column":26}},"loc":{"start":{"line":32,"column":40},"end":{"line":37,"column":3}},"line":32},"4":{"name":"(anonymous_4)","decl":{"start":{"line":39,"column":23},"end":{"line":39,"column":24}},"loc":{"start":{"line":39,"column":29},"end":{"line":44,"column":3}},"line":39},"5":{"name":"(anonymous_5)","decl":{"start":{"line":46,"column":23},"end":{"line":46,"column":24}},"loc":{"start":{"line":46,"column":33},"end":{"line":49,"column":3}},"line":46},"6":{"name":"(anonymous_6)","decl":{"start":{"line":51,"column":12},"end":{"line":51,"column":13}},"loc":{"start":{"line":51,"column":18},"end":{"line":60,"column":3}},"line":51},"7":{"name":"(anonymous_7)","decl":{"start":{"line":59,"column":11},"end":{"line":59,"column":12}},"loc":{"start":{"line":59,"column":17},"end":{"line":59,"column":43}},"line":59}},"branchMap":{"0":{"loc":{"start":{"line":23,"column":4},"end":{"line":23,"column":64}},"type":"if","locations":[{"start":{"line":23,"column":4},"end":{"line":23,"column":64}},{"start":{},"end":{}}],"line":23},"1":{"loc":{"start":{"line":48,"column":4},"end":{"line":48,"column":67}},"type":"if","locations":[{"start":{"line":48,"column":4},"end":{"line":48,"column":67}},{"start":{},"end":{}}],"line":48},"2":{"loc":{"start":{"line":53,"column":4},"end":{"line":57,"column":5}},"type":"if","locations":[{"start":{"line":53,"column":4},"end":{"line":57,"column":5}},{"start":{},"end":{}}],"line":53},"3":{"loc":{"start":{"line":62,"column":2},"end":{"line":71,"column":3}},"type":"if","locations":[{"start":{"line":62,"column":2},"end":{"line":71,"column":3}},{"start":{},"end":{}}],"line":62}},"s":{"0":0,"1":0,"2":0,"3":0,"4":0,"5":0,"6":0,"7":0,"8":0,"9":0,"10":0,"11":0,"12":0,"13":0,"14":0,"15":0,"16":0,"17":0,"18":0,"19":0,"20":0,"21":0,"22":0,"23":0,"24":0,"25":0,"26":0,"27":0,"28":0,"29":0,"30":0,"31":0,"32":0,"33":0,"34":0,"35":0,"36":0},"f":{"0":0,"1":0,"2":0,"3":0,"4":0,"5":0,"6":0,"7":0},"b":{"0":[0,0],"1":[0,0],"2":[0,0],"3":[0,0]}}
,"C:\\Users\\joshu\\OneDrive\\Desktop\\FullStackOpen\\part5\\bloglist-frontend\\src\\main.jsx": {"path":"C:\\Users\\joshu\\OneDrive\\Desktop\\FullStackOpen\\part5\\bloglist-frontend\\src\\main.jsx","statementMap":{"0":{"start":{"line":4,"column":0},"end":{"line":4,"column":68}}},"fnMap":{},"branchMap":{},"s":{"0":0},"f":{},"b":{}}
,"C:\\Users\\joshu\\OneDrive\\Desktop\\FullStackOpen\\part5\\bloglist-frontend\\src\\components\\Blog.jsx": {"path":"C:\\Users\\joshu\\OneDrive\\Desktop\\FullStackOpen\\part5\\bloglist-frontend\\src\\components\\Blog.jsx","statementMap":{"0":{"start":{"line":3,"column":13},"end":{"line":35,"column":1}},"1":{"start":{"line":4,"column":32},"end":{"line":4,"column":47}},"2":{"start":{"line":6,"column":21},"end":{"line":6,"column":46}},"3":{"start":{"line":8,"column":22},"end":{"line":8,"column":56}},"4":{"start":{"line":10,"column":24},"end":{"line":12,"column":3}},"5":{"start":{"line":11,"column":4},"end":{"line":11,"column":24}},"6":{"start":{"line":14,"column":20},"end":{"line":20,"column":3}},"7":{"start":{"line":22,"column":2},"end":{"line":34,"column":3}},"8":{"start":{"line":29,"column":55},"end":{"line":29,"column":75}},"9":{"start":{"line":31,"column":72},"end":{"line":31,"column":91}}},"fnMap":{"0":{"name":"(anonymous_0)","decl":{"start":{"line":3,"column":13},"end":{"line":3,"column":14}},"loc":{"start":{"line":3,"column":61},"end":{"line":35,"column":1}},"line":3},"1":{"name":"(anonymous_1)","decl":{"start":{"line":10,"column":24},"end":{"line":10,"column":25}},"loc":{"start":{"line":10,"column":30},"end":{"line":12,"column":3}},"line":10},"2":{"name":"(anonymous_2)","decl":{"start":{"line":29,"column":49},"end":{"line":29,"column":50}},"loc":{"start":{"line":29,"column":55},"end":{"line":29,"column":75}},"line":29},"3":{"name":"(anonymous_3)","decl":{"start":{"line":31,"column":66},"end":{"line":31,"column":67}},"loc":{"start":{"line":31,"column":72},"end":{"line":31,"column":91}},"line":31}},"branchMap":{"0":{"loc":{"start":{"line":6,"column":21},"end":{"line":6,"column":46}},"type":"cond-expr","locations":[{"start":{"line":6,"column":31},"end":{"line":6,"column":37}},{"start":{"line":6,"column":40},"end":{"line":6,"column":46}}],"line":6},"1":{"loc":{"start":{"line":8,"column":33},"end":{"line":8,"column":54}},"type":"cond-expr","locations":[{"start":{"line":8,"column":43},"end":{"line":8,"column":45}},{"start":{"line":8,"column":48},"end":{"line":8,"column":54}}],"line":8},"2":{"loc":{"start":{"line":31,"column":9},"end":{"line":31,"column":108}},"type":"binary-expr","locations":[{"start":{"line":31,"column":9},"end":{"line":31,"column":45}},{"start":{"line":31,"column":49},"end":{"line":31,"column":108}}],"line":31}},"s":{"0":1,"1":6,"2":6,"3":6,"4":6,"5":2,"6":6,"7":6,"8":2,"9":0},"f":{"0":6,"1":2,"2":2,"3":0},"b":{"0":[2,4],"1":[2,4],"2":[6,0]},"_coverageSchema":"1a1c01bbd47fc00a2c39e90264f33305004495a9","hash":"236bfae9514db4994845c1cabd2aefe2eacd5c43"}
,"C:\\Users\\joshu\\OneDrive\\Desktop\\FullStackOpen\\part5\\bloglist-frontend\\src\\components\\BlogForm.jsx": {"path":"C:\\Users\\joshu\\OneDrive\\Desktop\\FullStackOpen\\part5\\bloglist-frontend\\src\\components\\BlogForm.jsx","statementMap":{"0":{"start":{"line":4,"column":17},"end":{"line":72,"column":1}},"1":{"start":{"line":5,"column":28},"end":{"line":5,"column":40}},"2":{"start":{"line":6,"column":30},"end":{"line":6,"column":42}},"3":{"start":{"line":7,"column":24},"end":{"line":7,"column":36}},"4":{"start":{"line":9,"column":2},"end":{"line":9,"column":33}},"5":{"start":{"line":11,"column":23},"end":{"line":32,"column":3}},"6":{"start":{"line":12,"column":4},"end":{"line":12,"column":26}},"7":{"start":{"line":14,"column":20},"end":{"line":18,"column":5}},"8":{"start":{"line":20,"column":4},"end":{"line":31,"column":5}},"9":{"start":{"line":21,"column":23},"end":{"line":21,"column":67}},"10":{"start":{"line":22,"column":6},"end":{"line":22,"column":18}},"11":{"start":{"line":23,"column":6},"end":{"line":23,"column":19}},"12":{"start":{"line":24,"column":6},"end":{"line":24,"column":16}},"13":{"start":{"line":26,"column":19},"end":{"line":26,"column":32}},"14":{"start":{"line":27,"column":6},"end":{"line":27,"column":81}},"15":{"start":{"line":27,"column":17},"end":{"line":27,"column":81}},"16":{"start":{"line":28,"column":6},"end":{"line":28,"column":24}},"17":{"start":{"line":30,"column":6},"end":{"line":30,"column":69}},"18":{"start":{"line":30,"column":17},"end":{"line":30,"column":69}},"19":{"start":{"line":34,"column":2},"end":{"line":71,"column":3}},"20":{"start":{"line":45,"column":38},"end":{"line":45,"column":60}},"21":{"start":{"line":55,"column":38},"end":{"line":55,"column":61}},"22":{"start":{"line":65,"column":38},"end":{"line":65,"column":58}}},"fnMap":{"0":{"name":"(anonymous_0)","decl":{"start":{"line":4,"column":17},"end":{"line":4,"column":18}},"loc":{"start":{"line":4,"column":54},"end":{"line":72,"column":1}},"line":4},"1":{"name":"(anonymous_1)","decl":{"start":{"line":11,"column":23},"end":{"line":11,"column":24}},"loc":{"start":{"line":11,"column":40},"end":{"line":32,"column":3}},"line":11},"2":{"name":"(anonymous_2)","decl":{"start":{"line":45,"column":22},"end":{"line":45,"column":23}},"loc":{"start":{"line":45,"column":38},"end":{"line":45,"column":60}},"line":45},"3":{"name":"(anonymous_3)","decl":{"start":{"line":55,"column":22},"end":{"line":55,"column":23}},"loc":{"start":{"line":55,"column":38},"end":{"line":55,"column":61}},"line":55},"4":{"name":"(anonymous_4)","decl":{"start":{"line":65,"column":22},"end":{"line":65,"column":23}},"loc":{"start":{"line":65,"column":38},"end":{"line":65,"column":58}},"line":65}},"branchMap":{"0":{"loc":{"start":{"line":27,"column":6},"end":{"line":27,"column":81}},"type":"if","locations":[{"start":{"line":27,"column":6},"end":{"line":27,"column":81}},{"start":{},"end":{}}],"line":27},"1":{"loc":{"start":{"line":30,"column":6},"end":{"line":30,"column":69}},"type":"if","locations":[{"start":{"line":30,"column":6},"end":{"line":30,"column":69}},{"start":{},"end":{}}],"line":30}},"s":{"0":1,"1":5,"2":5,"3":5,"4":5,"5":5,"6":1,"7":1,"8":1,"9":1,"10":1,"11":1,"12":1,"13":1,"14":1,"15":1,"16":1,"17":0,"18":0,"19":5,"20":1,"21":1,"22":1},"f":{"0":5,"1":1,"2":1,"3":1,"4":1},"b":{"0":[1,0],"1":[0,0]},"_coverageSchema":"1a1c01bbd47fc00a2c39e90264f33305004495a9","hash":"e223c92c01448b5f02627db0395206c3ccb9aa2a"}
,"C:\\Users\\joshu\\OneDrive\\Desktop\\FullStackOpen\\part5\\bloglist-frontend\\src\\components\\BlogList.jsx": {"path":"C:\\Users\\joshu\\OneDrive\\Desktop\\FullStackOpen\\part5\\bloglist-frontend\\src\\components\\BlogList.jsx","statementMap":{"0":{"start":{"line":6,"column":17},"end":{"line":92,"column":1}},"1":{"start":{"line":7,"column":28},"end":{"line":7,"column":40}},"2":{"start":{"line":9,"column":20},"end":{"line":9,"column":34}},"3":{"start":{"line":11,"column":22},"end":{"line":14,"column":3}},"4":{"start":{"line":12,"column":24},"end":{"line":12,"column":71}},"5":{"start":{"line":12,"column":53},"end":{"line":12,"column":70}},"6":{"start":{"line":13,"column":4},"end":{"line":13,"column":22}},"7":{"start":{"line":16,"column":26},"end":{"line":32,"column":3}},"8":{"start":{"line":17,"column":4},"end":{"line":31,"column":5}},"9":{"start":{"line":18,"column":23},"end":{"line":21,"column":8}},"10":{"start":{"line":23,"column":6},"end":{"line":28,"column":7}},"11":{"start":{"line":24,"column":28},"end":{"line":24,"column":41}},"12":{"start":{"line":25,"column":29},"end":{"line":25,"column":95}},"13":{"start":{"line":25,"column":47},"end":{"line":25,"column":94}},"14":{"start":{"line":26,"column":8},"end":{"line":26,"column":43}},"15":{"start":{"line":27,"column":8},"end":{"line":27,"column":69}},"16":{"start":{"line":27,"column":19},"end":{"line":27,"column":69}},"17":{"start":{"line":30,"column":6},"end":{"line":30,"column":55}},"18":{"start":{"line":30,"column":17},"end":{"line":30,"column":55}},"19":{"start":{"line":34,"column":28},"end":{"line":55,"column":3}},"20":{"start":{"line":35,"column":22},"end":{"line":35,"column":81}},"21":{"start":{"line":37,"column":4},"end":{"line":54,"column":5}},"22":{"start":{"line":38,"column":6},"end":{"line":38,"column":29}},"23":{"start":{"line":39,"column":6},"end":{"line":53,"column":7}},"24":{"start":{"line":40,"column":25},"end":{"line":43,"column":10}},"25":{"start":{"line":45,"column":8},"end":{"line":50,"column":9}},"26":{"start":{"line":46,"column":10},"end":{"line":46,"column":64}},"27":{"start":{"line":46,"column":28},"end":{"line":46,"column":63}},"28":{"start":{"line":46,"column":46},"end":{"line":46,"column":62}},"29":{"start":{"line":47,"column":10},"end":{"line":47,"column":80}},"30":{"start":{"line":47,"column":21},"end":{"line":47,"column":80}},"31":{"start":{"line":49,"column":10},"end":{"line":49,"column":86}},"32":{"start":{"line":49,"column":21},"end":{"line":49,"column":86}},"33":{"start":{"line":52,"column":8},"end":{"line":52,"column":71}},"34":{"start":{"line":52,"column":19},"end":{"line":52,"column":71}},"35":{"start":{"line":57,"column":2},"end":{"line":57,"column":33}},"36":{"start":{"line":59,"column":2},"end":{"line":61,"column":14}},"37":{"start":{"line":60,"column":4},"end":{"line":60,"column":30}},"38":{"start":{"line":63,"column":2},"end":{"line":73,"column":8}},"39":{"start":{"line":64,"column":23},"end":{"line":71,"column":5}},"40":{"start":{"line":65,"column":6},"end":{"line":70,"column":7}},"41":{"start":{"line":66,"column":22},"end":{"line":66,"column":48}},"42":{"start":{"line":67,"column":8},"end":{"line":67,"column":36}},"43":{"start":{"line":69,"column":8},"end":{"line":69,"column":86}},"44":{"start":{"line":69,"column":30},"end":{"line":69,"column":86}},"45":{"start":{"line":72,"column":4},"end":{"line":72,"column":16}},"46":{"start":{"line":76,"column":2},"end":{"line":78,"column":15}},"47":{"start":{"line":77,"column":4},"end":{"line":77,"column":54}},"48":{"start":{"line":77,"column":16},"end":{"line":77,"column":54}},"49":{"start":{"line":77,"column":34},"end":{"line":77,"column":53}},"50":{"start":{"line":80,"column":2},"end":{"line":91,"column":3}},"51":{"start":{"line":83,"column":8},"end":{"line":88,"column":45}},"52":{"start":{"line":94,"column":0},"end":{"line":113,"column":1}},"53":{"start":{"line":115,"column":0},"end":{"line":117,"column":1}}},"fnMap":{"0":{"name":"(anonymous_0)","decl":{"start":{"line":6,"column":17},"end":{"line":6,"column":18}},"loc":{"start":{"line":6,"column":48},"end":{"line":92,"column":1}},"line":6},"1":{"name":"(anonymous_1)","decl":{"start":{"line":11,"column":22},"end":{"line":11,"column":23}},"loc":{"start":{"line":11,"column":41},"end":{"line":14,"column":3}},"line":11},"2":{"name":"(anonymous_2)","decl":{"start":{"line":12,"column":43},"end":{"line":12,"column":44}},"loc":{"start":{"line":12,"column":53},"end":{"line":12,"column":70}},"line":12},"3":{"name":"(anonymous_3)","decl":{"start":{"line":16,"column":26},"end":{"line":16,"column":27}},"loc":{"start":{"line":16,"column":44},"end":{"line":32,"column":3}},"line":16},"4":{"name":"(anonymous_4)","decl":{"start":{"line":25,"column":39},"end":{"line":25,"column":40}},"loc":{"start":{"line":25,"column":47},"end":{"line":25,"column":94}},"line":25},"5":{"name":"(anonymous_5)","decl":{"start":{"line":34,"column":28},"end":{"line":34,"column":29}},"loc":{"start":{"line":34,"column":44},"end":{"line":55,"column":3}},"line":34},"6":{"name":"(anonymous_6)","decl":{"start":{"line":46,"column":19},"end":{"line":46,"column":20}},"loc":{"start":{"line":46,"column":28},"end":{"line":46,"column":63}},"line":46},"7":{"name":"(anonymous_7)","decl":{"start":{"line":46,"column":41},"end":{"line":46,"column":42}},"loc":{"start":{"line":46,"column":46},"end":{"line":46,"column":62}},"line":46},"8":{"name":"(anonymous_8)","decl":{"start":{"line":59,"column":12},"end":{"line":59,"column":13}},"loc":{"start":{"line":59,"column":18},"end":{"line":61,"column":3}},"line":59},"9":{"name":"(anonymous_9)","decl":{"start":{"line":63,"column":12},"end":{"line":63,"column":13}},"loc":{"start":{"line":63,"column":18},"end":{"line":73,"column":3}},"line":63},"10":{"name":"(anonymous_10)","decl":{"start":{"line":64,"column":23},"end":{"line":64,"column":24}},"loc":{"start":{"line":64,"column":35},"end":{"line":71,"column":5}},"line":64},"11":{"name":"(anonymous_11)","decl":{"start":{"line":76,"column":12},"end":{"line":76,"column":13}},"loc":{"start":{"line":76,"column":18},"end":{"line":78,"column":3}},"line":76},"12":{"name":"(anonymous_12)","decl":{"start":{"line":77,"column":25},"end":{"line":77,"column":26}},"loc":{"start":{"line":77,"column":34},"end":{"line":77,"column":53}},"line":77},"13":{"name":"(anonymous_13)","decl":{"start":{"line":82,"column":17},"end":{"line":82,"column":18}},"loc":{"start":{"line":83,"column":8},"end":{"line":88,"column":45}},"line":83},"14":{"name":"(anonymous_14)","decl":{"start":{"line":116,"column":10},"end":{"line":116,"column":11}},"loc":{"start":{"line":116,"column":16},"end":{"line":116,"column":18}},"line":116}},"branchMap":{"0":{"loc":{"start":{"line":23,"column":6},"end":{"line":28,"column":7}},"type":"if","locations":[{"start":{"line":23,"column":6},"end":{"line":28,"column":7}},{"start":{},"end":{}}],"line":23},"1":{"loc":{"start":{"line":25,"column":47},"end":{"line":25,"column":94}},"type":"cond-expr","locations":[{"start":{"line":25,"column":76},"end":{"line":25,"column":87}},{"start":{"line":25,"column":90},"end":{"line":25,"column":94}}],"line":25},"2":{"loc":{"start":{"line":27,"column":8},"end":{"line":27,"column":69}},"type":"if","locations":[{"start":{"line":27,"column":8},"end":{"line":27,"column":69}},{"start":{},"end":{}}],"line":27},"3":{"loc":{"start":{"line":30,"column":6},"end":{"line":30,"column":55}},"type":"if","locations":[{"start":{"line":30,"column":6},"end":{"line":30,"column":55}},{"start":{},"end":{}}],"line":30},"4":{"loc":{"start":{"line":37,"column":4},"end":{"line":54,"column":5}},"type":"if","locations":[{"start":{"line":37,"column":4},"end":{"line":54,"column":5}},{"start":{},"end":{}}],"line":37},"5":{"loc":{"start":{"line":45,"column":8},"end":{"line":50,"column":9}},"type":"if","locations":[{"start":{"line":45,"column":8},"end":{"line":50,"column":9}},{"start":{"line":48,"column":15},"end":{"line":50,"column":9}}],"line":45},"6":{"loc":{"start":{"line":47,"column":10},"end":{"line":47,"column":80}},"type":"if","locations":[{"start":{"line":47,"column":10},"end":{"line":47,"column":80}},{"start":{},"end":{}}],"line":47},"7":{"loc":{"start":{"line":49,"column":10},"end":{"line":49,"column":86}},"type":"if","locations":[{"start":{"line":49,"column":10},"end":{"line":49,"column":86}},{"start":{},"end":{}}],"line":49},"8":{"loc":{"start":{"line":52,"column":8},"end":{"line":52,"column":71}},"type":"if","locations":[{"start":{"line":52,"column":8},"end":{"line":52,"column":71}},{"start":{},"end":{}}],"line":52},"9":{"loc":{"start":{"line":69,"column":8},"end":{"line":69,"column":86}},"type":"if","locations":[{"start":{"line":69,"column":8},"end":{"line":69,"column":86}},{"start":{},"end":{}}],"line":69},"10":{"loc":{"start":{"line":77,"column":4},"end":{"line":77,"column":54}},"type":"if","locations":[{"start":{"line":77,"column":4},"end":{"line":77,"column":54}},{"start":{},"end":{}}],"line":77}},"s":{"0":0,"1":0,"2":0,"3":0,"4":0,"5":0,"6":0,"7":0,"8":0,"9":0,"10":0,"11":0,"12":0,"13":0,"14":0,"15":0,"16":0,"17":0,"18":0,"19":0,"20":0,"21":0,"22":0,"23":0,"24":0,"25":0,"26":0,"27":0,"28":0,"29":0,"30":0,"31":0,"32":0,"33":0,"34":0,"35":0,"36":0,"37":0,"38":0,"39":0,"40":0,"41":0,"42":0,"43":0,"44":0,"45":0,"46":0,"47":0,"48":0,"49":0,"50":0,"51":0,"52":0,"53":0},"f":{"0":0,"1":0,"2":0,"3":0,"4":0,"5":0,"6":0,"7":0,"8":0,"9":0,"10":0,"11":0,"12":0,"13":0,"14":0},"b":{"0":[0,0],"1":[0,0],"2":[0,0],"3":[0,0],"4":[0,0],"5":[0,0],"6":[0,0],"7":[0,0],"8":[0,0],"9":[0,0],"10":[0,0]}}
,"C:\\Users\\joshu\\OneDrive\\Desktop\\FullStackOpen\\part5\\bloglist-frontend\\src\\components\\LoginForm.jsx": {"path":"C:\\Users\\joshu\\OneDrive\\Desktop\\FullStackOpen\\part5\\bloglist-frontend\\src\\components\\LoginForm.jsx","statementMap":{"0":{"start":{"line":4,"column":18},"end":{"line":52,"column":1}},"1":{"start":{"line":5,"column":34},"end":{"line":5,"column":46}},"2":{"start":{"line":6,"column":34},"end":{"line":6,"column":46}},"3":{"start":{"line":8,"column":2},"end":{"line":8,"column":34}},"4":{"start":{"line":10,"column":22},"end":{"line":26,"column":3}},"5":{"start":{"line":11,"column":4},"end":{"line":11,"column":26}},"6":{"start":{"line":13,"column":4},"end":{"line":25,"column":5}},"7":{"start":{"line":14,"column":24},"end":{"line":16,"column":8}},"8":{"start":{"line":17,"column":6},"end":{"line":17,"column":54}},"9":{"start":{"line":18,"column":6},"end":{"line":18,"column":31}},"10":{"start":{"line":20,"column":6},"end":{"line":24,"column":7}},"11":{"start":{"line":21,"column":8},"end":{"line":21,"column":53}},"12":{"start":{"line":23,"column":8},"end":{"line":23,"column":46}},"13":{"start":{"line":28,"column":2},"end":{"line":51,"column":3}},"14":{"start":{"line":38,"column":38},"end":{"line":38,"column":63}},"15":{"start":{"line":46,"column":38},"end":{"line":46,"column":63}}},"fnMap":{"0":{"name":"(anonymous_0)","decl":{"start":{"line":4,"column":18},"end":{"line":4,"column":19}},"loc":{"start":{"line":4,"column":50},"end":{"line":52,"column":1}},"line":4},"1":{"name":"(anonymous_1)","decl":{"start":{"line":10,"column":22},"end":{"line":10,"column":23}},"loc":{"start":{"line":10,"column":39},"end":{"line":26,"column":3}},"line":10},"2":{"name":"(anonymous_2)","decl":{"start":{"line":38,"column":22},"end":{"line":38,"column":23}},"loc":{"start":{"line":38,"column":38},"end":{"line":38,"column":63}},"line":38},"3":{"name":"(anonymous_3)","decl":{"start":{"line":46,"column":22},"end":{"line":46,"column":23}},"loc":{"start":{"line":46,"column":38},"end":{"line":46,"column":63}},"line":46}},"branchMap":{"0":{"loc":{"start":{"line":20,"column":6},"end":{"line":24,"column":7}},"type":"if","locations":[{"start":{"line":20,"column":6},"end":{"line":24,"column":7}},{"start":{"line":22,"column":13},"end":{"line":24,"column":7}}],"line":20},"1":{"loc":{"start":{"line":20,"column":9},"end":{"line":20,"column":48}},"type":"binary-expr","locations":[{"start":{"line":20,"column":9},"end":{"line":20,"column":19}},{"start":{"line":20,"column":23},"end":{"line":20,"column":48}}],"line":20}},"s":{"0":0,"1":0,"2":0,"3":0,"4":0,"5":0,"6":0,"7":0,"8":0,"9":0,"10":0,"11":0,"12":0,"13":0,"14":0,"15":0},"f":{"0":0,"1":0,"2":0,"3":0},"b":{"0":[0,0],"1":[0,0]}}
,"C:\\Users\\joshu\\OneDrive\\Desktop\\FullStackOpen\\part5\\bloglist-frontend\\src\\components\\Notification.jsx": {"path":"C:\\Users\\joshu\\OneDrive\\Desktop\\FullStackOpen\\part5\\bloglist-frontend\\src\\components\\Notification.jsx","statementMap":{"0":{"start":{"line":1,"column":21},"end":{"line":4,"column":1}},"1":{"start":{"line":2,"column":2},"end":{"line":2,"column":23}},"2":{"start":{"line":2,"column":12},"end":{"line":2,"column":23}},"3":{"start":{"line":3,"column":2},"end":{"line":3,"column":56}}},"fnMap":{"0":{"name":"(anonymous_0)","decl":{"start":{"line":1,"column":21},"end":{"line":1,"column":22}},"loc":{"start":{"line":1,"column":35},"end":{"line":4,"column":1}},"line":1}},"branchMap":{"0":{"loc":{"start":{"line":2,"column":2},"end":{"line":2,"column":23}},"type":"if","locations":[{"start":{"line":2,"column":2},"end":{"line":2,"column":23}},{"start":{},"end":{}}],"line":2}},"s":{"0":0,"1":0,"2":0,"3":0},"f":{"0":0},"b":{"0":[0,0]}}
,"C:\\Users\\joshu\\OneDrive\\Desktop\\FullStackOpen\\part5\\bloglist-frontend\\src\\components\\Toggleable.jsx": {"path":"C:\\Users\\joshu\\OneDrive\\Desktop\\FullStackOpen\\part5\\bloglist-frontend\\src\\components\\Toggleable.jsx","statementMap":{"0":{"start":{"line":4,"column":19},"end":{"line":31,"column":2}},"1":{"start":{"line":5,"column":32},"end":{"line":5,"column":47}},"2":{"start":{"line":7,"column":26},"end":{"line":7,"column":60}},"3":{"start":{"line":8,"column":26},"end":{"line":8,"column":60}},"4":{"start":{"line":10,"column":27},"end":{"line":12,"column":3}},"5":{"start":{"line":11,"column":4},"end":{"line":11,"column":24}},"6":{"start":{"line":14,"column":2},"end":{"line":18,"column":4}},"7":{"start":{"line":15,"column":4},"end":{"line":17,"column":5}},"8":{"start":{"line":20,"column":2},"end":{"line":30,"column":3}},"9":{"start":{"line":33,"column":0},"end":{"line":35,"column":1}},"10":{"start":{"line":37,"column":0},"end":{"line":37,"column":37}}},"fnMap":{"0":{"name":"(anonymous_0)","decl":{"start":{"line":4,"column":30},"end":{"line":4,"column":31}},"loc":{"start":{"line":4,"column":47},"end":{"line":31,"column":1}},"line":4},"1":{"name":"(anonymous_1)","decl":{"start":{"line":10,"column":27},"end":{"line":10,"column":28}},"loc":{"start":{"line":10,"column":33},"end":{"line":12,"column":3}},"line":10},"2":{"name":"(anonymous_2)","decl":{"start":{"line":14,"column":28},"end":{"line":14,"column":29}},"loc":{"start":{"line":14,"column":34},"end":{"line":18,"column":3}},"line":14}},"branchMap":{"0":{"loc":{"start":{"line":7,"column":37},"end":{"line":7,"column":58}},"type":"cond-expr","locations":[{"start":{"line":7,"column":47},"end":{"line":7,"column":53}},{"start":{"line":7,"column":56},"end":{"line":7,"column":58}}],"line":7},"1":{"loc":{"start":{"line":8,"column":37},"end":{"line":8,"column":58}},"type":"cond-expr","locations":[{"start":{"line":8,"column":47},"end":{"line":8,"column":49}},{"start":{"line":8,"column":52},"end":{"line":8,"column":58}}],"line":8}},"s":{"0":0,"1":0,"2":0,"3":0,"4":0,"5":0,"6":0,"7":0,"8":0,"9":0,"10":0},"f":{"0":0,"1":0,"2":0},"b":{"0":[0,0],"1":[0,0]}}
,"C:\\Users\\joshu\\OneDrive\\Desktop\\FullStackOpen\\part5\\bloglist-frontend\\src\\services\\blogs.js": {"path":"C:\\Users\\joshu\\OneDrive\\Desktop\\FullStackOpen\\part5\\bloglist-frontend\\src\\services\\blogs.js","statementMap":{"0":{"start":{"line":2,"column":19},"end":{"line":2,"column":58}},"1":{"start":{"line":3,"column":15},"end":{"line":3,"column":40}},"2":{"start":{"line":5,"column":15},"end":{"line":8,"column":1}},"3":{"start":{"line":6,"column":19},"end":{"line":6,"column":42}},"4":{"start":{"line":7,"column":2},"end":{"line":7,"column":22}},"5":{"start":{"line":10,"column":15},"end":{"line":20,"column":1}},"6":{"start":{"line":11,"column":18},"end":{"line":14,"column":3}},"7":{"start":{"line":16,"column":19},"end":{"line":18,"column":4}},"8":{"start":{"line":19,"column":2},"end":{"line":19,"column":17}},"9":{"start":{"line":22,"column":13},"end":{"line":30,"column":1}},"10":{"start":{"line":23,"column":18},"end":{"line":23,"column":56}},"11":{"start":{"line":25,"column":19},"end":{"line":28,"column":4}},"12":{"start":{"line":29,"column":2},"end":{"line":29,"column":17}},"13":{"start":{"line":32,"column":15},"end":{"line":37,"column":1}},"14":{"start":{"line":33,"column":18},"end":{"line":33,"column":56}},"15":{"start":{"line":35,"column":19},"end":{"line":35,"column":78}},"16":{"start":{"line":36,"column":2},"end":{"line":36,"column":17}}},"fnMap":{"0":{"name":"(anonymous_0)","decl":{"start":{"line":5,"column":15},"end":{"line":5,"column":16}},"loc":{"start":{"line":5,"column":27},"end":{"line":8,"column":1}},"line":5},"1":{"name":"(anonymous_1)","decl":{"start":{"line":10,"column":15},"end":{"line":10,"column":16}},"loc":{"start":{"line":10,"column":45},"end":{"line":20,"column":1}},"line":10},"2":{"name":"(anonymous_2)","decl":{"start":{"line":22,"column":13},"end":{"line":22,"column":14}},"loc":{"start":{"line":22,"column":38},"end":{"line":30,"column":1}},"line":22},"3":{"name":"(anonymous_3)","decl":{"start":{"line":32,"column":15},"end":{"line":32,"column":16}},"loc":{"start":{"line":32,"column":40},"end":{"line":37,"column":1}},"line":32}},"branchMap":{"0":{"loc":{"start":{"line":2,"column":19},"end":{"line":2,"column":58}},"type":"binary-expr","locations":[{"start":{"line":2,"column":19},"end":{"line":2,"column":52}},{"start":{"line":2,"column":56},"end":{"line":2,"column":58}}],"line":2}},"s":{"0":0,"1":0,"2":0,"3":0,"4":0,"5":0,"6":0,"7":0,"8":0,"9":0,"10":0,"11":0,"12":0,"13":0,"14":0,"15":0,"16":0},"f":{"0":0,"1":0,"2":0,"3":0},"b":{"0":[0,0]}}
,"C:\\Users\\joshu\\OneDrive\\Desktop\\FullStackOpen\\part5\\bloglist-frontend\\src\\services\\login.js": {"path":"C:\\Users\\joshu\\OneDrive\\Desktop\\FullStackOpen\\part5\\bloglist-frontend\\src\\services\\login.js","statementMap":{"0":{"start":{"line":2,"column":19},"end":{"line":2,"column":58}},"1":{"start":{"line":3,"column":15},"end":{"line":3,"column":40}},"2":{"start":{"line":5,"column":14},"end":{"line":8,"column":1}},"3":{"start":{"line":6,"column":19},"end":{"line":6,"column":67}},"4":{"start":{"line":7,"column":2},"end":{"line":7,"column":22}}},"fnMap":{"0":{"name":"(anonymous_0)","decl":{"start":{"line":5,"column":14},"end":{"line":5,"column":15}},"loc":{"start":{"line":5,"column":48},"end":{"line":8,"column":1}},"line":5}},"branchMap":{"0":{"loc":{"start":{"line":2,"column":19},"end":{"line":2,"column":58}},"type":"binary-expr","locations":[{"start":{"line":2,"column":19},"end":{"line":2,"column":52}},{"start":{"line":2,"column":56},"end":{"line":2,"column":58}}],"line":2}},"s":{"0":0,"1":0,"2":0,"3":0,"4":0},"f":{"0":0},"b":{"0":[0,0]}}
}
